<?xml version="1.0" encoding="UTF-8"?>
<!-- Generated by org.testng.reporters.JUnitReportReporter -->
<testsuite skipped="0" hostname="RayDesktop" name="testCases.HomeValidation" tests="1" failures="0" timestamp="2020-10-15T08:47:03 EDT" time="11.541" errors="0">
  <testcase name="homeValidations" time="11.541" classname="testCases.HomeValidation"/>
  <system-out/>
</testsuite> <!-- testCases.HomeValidation -->
