<?xml version="1.0" encoding="UTF-8"?>
<!-- Generated by org.testng.reporters.JUnitReportReporter -->
<testsuite skipped="0" hostname="RayDesktop" name="testCases.LoginValidation" tests="12" failures="0" timestamp="2020-10-14T20:49:35 EDT" time="122.043" errors="0">
  <testcase name="usernameValidations" time="11.049" classname="testCases.LoginValidation"/>
  <system-out/>
  <testcase name="usernameValidations" time="10.967" classname="testCases.LoginValidation"/>
  <system-out/>
  <testcase name="usernameValidations" time="10.519" classname="testCases.LoginValidation"/>
  <system-out/>
  <testcase name="usernameValidations" time="11.125" classname="testCases.LoginValidation"/>
  <system-out/>
  <testcase name="usernameValidations" time="10.534" classname="testCases.LoginValidation"/>
  <system-out/>
  <testcase name="usernameValidations" time="10.534" classname="testCases.LoginValidation"/>
  <system-out/>
  <testcase name="passwordValidations" time="9.793" classname="testCases.LoginValidation"/>
  <system-out/>
  <testcase name="passwordValidations" time="11.530" classname="testCases.LoginValidation"/>
  <system-out/>
  <testcase name="passwordValidations" time="9.515" classname="testCases.LoginValidation"/>
  <system-out/>
  <testcase name="passwordValidations" time="9.653" classname="testCases.LoginValidation"/>
  <system-out/>
  <testcase name="passwordValidations" time="6.159" classname="testCases.LoginValidation"/>
  <system-out/>
  <testcase name="usernameValidations" time="10.665" classname="testCases.LoginValidation"/>
  <system-out/>
</testsuite> <!-- testCases.LoginValidation -->
