<?xml version="1.0" encoding="UTF-8"?>
<!-- Generated by org.testng.reporters.JUnitReportReporter -->
<testsuite skipped="0" hostname="RayDesktop" name="testCases.LogoutValidation" tests="1" failures="0" timestamp="2020-10-15T08:47:03 EDT" time="13.175" errors="0">
  <testcase name="logoutValidation" time="13.175" classname="testCases.LogoutValidation"/>
  <system-out/>
</testsuite> <!-- testCases.LogoutValidation -->
