<?xml version="1.0" encoding="UTF-8"?>
<!-- Generated by org.testng.reporters.JUnitReportReporter -->
<testsuite skipped="0" hostname="RayDesktop" name="testCases.LoginValidation" tests="7" failures="0" timestamp="2020-10-15T08:59:19 EDT" time="53.413" errors="0">
  <testcase name="usernameValidations" time="4.292" classname="testCases.LoginValidation"/>
  <system-out/>
  <testcase name="usernameValidations" time="4.882" classname="testCases.LoginValidation"/>
  <system-out/>
  <testcase name="usernameValidations" time="8.961" classname="testCases.LoginValidation"/>
  <system-out/>
  <testcase name="usernameValidations" time="8.314" classname="testCases.LoginValidation"/>
  <system-out/>
  <testcase name="usernameValidations" time="9.118" classname="testCases.LoginValidation"/>
  <system-out/>
  <testcase name="usernameValidations" time="9.333" classname="testCases.LoginValidation"/>
  <system-out/>
  <testcase name="usernameValidations" time="8.513" classname="testCases.LoginValidation"/>
  <system-out/>
</testsuite> <!-- testCases.LoginValidation -->
