<?xml version="1.0" encoding="UTF-8"?>
<!-- Generated by org.testng.reporters.JUnitReportReporter -->
<testsuite skipped="0" hostname="RayDesktop" name="testCases.LogoutValidation" tests="1" failures="0" timestamp="2020-10-14T23:22:07 EDT" time="13.336" errors="0">
  <testcase name="logoutValidation" time="13.336" classname="testCases.LogoutValidation"/>
  <system-out/>
</testsuite> <!-- testCases.LogoutValidation -->
