<?xml version="1.0" encoding="UTF-8"?>
<!-- Generated by org.testng.reporters.JUnitReportReporter -->
<testsuite skipped="1" hostname="RayDesktop" name="testCases.HomePage" tests="1" failures="0" timestamp="2020-10-13T23:37:02 EDT" time="0.000" errors="0">
  <testcase name="basePageNavigation" time="0.000" classname="testCases.HomePage">
    <skipped/>
  </testcase> <!-- basePageNavigation -->
  <system-out/>
</testsuite> <!-- testCases.HomePage -->
