<?xml version="1.0" encoding="UTF-8"?>
<!-- Generated by org.testng.reporters.JUnitReportReporter -->
<testsuite skipped="0" hostname="RayDesktop" name="testCases.LoginValidation" tests="12" failures="0" timestamp="2020-10-14T23:22:07 EDT" time="126.911" errors="0">
  <testcase name="passwordValidations" time="9.385" classname="testCases.LoginValidation"/>
  <system-out/>
  <testcase name="usernameValidations" time="10.574" classname="testCases.LoginValidation"/>
  <system-out/>
  <testcase name="usernameValidations" time="11.000" classname="testCases.LoginValidation"/>
  <system-out/>
  <testcase name="passwordValidations" time="11.173" classname="testCases.LoginValidation"/>
  <system-out/>
  <testcase name="passwordValidations" time="11.901" classname="testCases.LoginValidation"/>
  <system-out/>
  <testcase name="usernameValidations" time="10.747" classname="testCases.LoginValidation"/>
  <system-out/>
  <testcase name="passwordValidations" time="9.708" classname="testCases.LoginValidation"/>
  <system-out/>
  <testcase name="passwordValidations" time="10.107" classname="testCases.LoginValidation"/>
  <system-out/>
  <testcase name="usernameValidations" time="10.428" classname="testCases.LoginValidation"/>
  <system-out/>
  <testcase name="usernameValidations" time="10.383" classname="testCases.LoginValidation"/>
  <system-out/>
  <testcase name="usernameValidations" time="10.442" classname="testCases.LoginValidation"/>
  <system-out/>
  <testcase name="usernameValidations" time="11.063" classname="testCases.LoginValidation"/>
  <system-out/>
</testsuite> <!-- testCases.LoginValidation -->
