<?xml version="1.0" encoding="UTF-8"?>
<!-- Generated by org.testng.reporters.JUnitReportReporter -->
<testsuite skipped="0" hostname="RayDesktop" name="testCases.LoginValidation" tests="12" failures="0" timestamp="2020-10-14T22:09:21 EDT" time="78.181" errors="0">
  <testcase name="usernameValidations" time="6.755" classname="testCases.LoginValidation"/>
  <system-out/>
  <testcase name="usernameValidations" time="6.942" classname="testCases.LoginValidation"/>
  <system-out/>
  <testcase name="usernameValidations" time="6.643" classname="testCases.LoginValidation"/>
  <system-out/>
  <testcase name="passwordValidations" time="5.905" classname="testCases.LoginValidation"/>
  <system-out/>
  <testcase name="usernameValidations" time="6.683" classname="testCases.LoginValidation"/>
  <system-out/>
  <testcase name="usernameValidations" time="6.644" classname="testCases.LoginValidation"/>
  <system-out/>
  <testcase name="passwordValidations" time="5.506" classname="testCases.LoginValidation"/>
  <system-out/>
  <testcase name="usernameValidations" time="6.632" classname="testCases.LoginValidation"/>
  <system-out/>
  <testcase name="passwordValidations" time="5.804" classname="testCases.LoginValidation"/>
  <system-out/>
  <testcase name="passwordValidations" time="6.319" classname="testCases.LoginValidation"/>
  <system-out/>
  <testcase name="usernameValidations" time="6.829" classname="testCases.LoginValidation"/>
  <system-out/>
  <testcase name="passwordValidations" time="7.519" classname="testCases.LoginValidation"/>
  <system-out/>
</testsuite> <!-- testCases.LoginValidation -->
