<?xml version="1.0" encoding="UTF-8"?>
<!-- Generated by org.testng.reporters.JUnitReportReporter -->
<testsuite hostname="RayPC" name="Academy.HomePage" tests="2" failures="0" timestamp="24 Apr 2020 21:21:39 GMT" time="19.288" errors="0">
  <testcase name="basePageNavigation" time="6.441" classname="Academy.HomePage"/>
  <testcase name="basePageNavigation" time="12.847" classname="Academy.HomePage"/>
</testsuite> <!-- Academy.HomePage -->
