<?xml version="1.0" encoding="UTF-8"?>
<!-- Generated by org.testng.reporters.JUnitReportReporter -->
<testsuite hostname="RayPC" name="Academy.validateTitle" tests="1" failures="0" timestamp="24 Apr 2020 21:21:39 GMT" time="4.376" errors="0">
  <testcase name="basePageNavigation" time="4.376" classname="Academy.validateTitle"/>
</testsuite> <!-- Academy.validateTitle -->
